{
    "C:\\Users\\Anton\\Documents\\Web Design\\projects\\study_projects\\express_ts_boilerplate_v1\\src\\tests\\sum.ts": {
        "path": "C:\\Users\\Anton\\Documents\\Web Design\\projects\\study_projects\\express_ts_boilerplate_v1\\src\\tests\\sum.ts",
        "statementMap": {
            "0": { "start": { "line": 1, "column": 12 }, "end": { "line": 3, "column": 1 } },
            "1": { "start": { "line": 2, "column": 4 }, "end": { "line": 2, "column": 17 } },
            "2": { "start": { "line": 5, "column": 0 }, "end": { "line": 5, "column": 19 } }
        },
        "fnMap": {
            "0": {
                "name": "(anonymous_0)",
                "decl": { "start": { "line": 1, "column": 12 }, "end": { "line": 1, "column": 13 } },
                "loc": { "start": { "line": 1, "column": 33 }, "end": { "line": 3, "column": 1 } }
            }
        },
        "branchMap": {},
        "s": { "0": 1, "1": 1, "2": 1 },
        "f": { "0": 1 },
        "b": {}
    }
}
